<?xml version="1.0" encoding="UTF-8"?>
<testsuite xmlns:xsi="http://www.w3.org/2001/XMLSchema-instance" xsi:noNamespaceSchemaLocation="https://maven.apache.org/surefire/maven-surefire-plugin/xsd/surefire-test-report-3.0.xsd" version="3.0" name="TestSuite" time="3.324" tests="5" errors="0" skipped="0" failures="4">
  <properties>
    <property name="gopherProxySet" value="false"/>
    <property name="awt.toolkit" value="sun.lwawt.macosx.LWCToolkit"/>
    <property name="file.encoding.pkg" value="sun.io"/>
    <property name="java.specification.version" value="1.8"/>
    <property name="sun.cpu.isalist" value=""/>
    <property name="sun.jnu.encoding" value="UTF-8"/>
    <property name="java.class.path" value="/Users/prabhatkumarpatro/Documents/seleniumProjects/RestAssuredProject/target/test-classes:/Users/prabhatkumarpatro/Documents/seleniumProjects/RestAssuredProject/target/classes:/Users/prabhatkumarpatro/.m2/repository/io/rest-assured/rest-assured/4.3.0/rest-assured-4.3.0.jar:/Users/prabhatkumarpatro/.m2/repository/org/codehaus/groovy/groovy/3.0.2/groovy-3.0.2.jar:/Users/prabhatkumarpatro/.m2/repository/org/codehaus/groovy/groovy-xml/3.0.2/groovy-xml-3.0.2.jar:/Users/prabhatkumarpatro/.m2/repository/org/apache/httpcomponents/httpclient/4.5.3/httpclient-4.5.3.jar:/Users/prabhatkumarpatro/.m2/repository/org/apache/httpcomponents/httpcore/4.4.6/httpcore-4.4.6.jar:/Users/prabhatkumarpatro/.m2/repository/commons-logging/commons-logging/1.2/commons-logging-1.2.jar:/Users/prabhatkumarpatro/.m2/repository/commons-codec/commons-codec/1.9/commons-codec-1.9.jar:/Users/prabhatkumarpatro/.m2/repository/org/apache/httpcomponents/httpmime/4.5.3/httpmime-4.5.3.jar:/Users/prabhatkumarpatro/.m2/repository/org/hamcrest/hamcrest/2.1/hamcrest-2.1.jar:/Users/prabhatkumarpatro/.m2/repository/org/ccil/cowan/tagsoup/tagsoup/1.2.1/tagsoup-1.2.1.jar:/Users/prabhatkumarpatro/.m2/repository/io/rest-assured/json-path/4.3.0/json-path-4.3.0.jar:/Users/prabhatkumarpatro/.m2/repository/org/codehaus/groovy/groovy-json/3.0.2/groovy-json-3.0.2.jar:/Users/prabhatkumarpatro/.m2/repository/io/rest-assured/rest-assured-common/4.3.0/rest-assured-common-4.3.0.jar:/Users/prabhatkumarpatro/.m2/repository/io/rest-assured/xml-path/4.3.0/xml-path-4.3.0.jar:/Users/prabhatkumarpatro/.m2/repository/org/apache/commons/commons-lang3/3.4/commons-lang3-3.4.jar:/Users/prabhatkumarpatro/.m2/repository/jakarta/xml/bind/jakarta.xml.bind-api/2.3.2/jakarta.xml.bind-api-2.3.2.jar:/Users/prabhatkumarpatro/.m2/repository/jakarta/activation/jakarta.activation-api/1.2.1/jakarta.activation-api-1.2.1.jar:/Users/prabhatkumarpatro/.m2/repository/com/sun/xml/bind/jaxb-osgi/2.3.0.1/jaxb-osgi-2.3.0.1.jar:/Users/prabhatkumarpatro/.m2/repository/org/apache/sling/org.apache.sling.javax.activation/0.1.0/org.apache.sling.javax.activation-0.1.0.jar:/Users/prabhatkumarpatro/.m2/repository/javax/activation/activation/1.1.1/activation-1.1.1.jar:/Users/prabhatkumarpatro/.m2/repository/org/testng/testng/7.1.0/testng-7.1.0.jar:/Users/prabhatkumarpatro/.m2/repository/com/beust/jcommander/1.72/jcommander-1.72.jar:/Users/prabhatkumarpatro/.m2/repository/com/google/inject/guice/4.1.0/guice-4.1.0-no_aop.jar:/Users/prabhatkumarpatro/.m2/repository/javax/inject/javax.inject/1/javax.inject-1.jar:/Users/prabhatkumarpatro/.m2/repository/aopalliance/aopalliance/1.0/aopalliance-1.0.jar:/Users/prabhatkumarpatro/.m2/repository/org/yaml/snakeyaml/1.21/snakeyaml-1.21.jar:/Users/prabhatkumarpatro/.m2/repository/com/googlecode/json-simple/json-simple/1.1.1/json-simple-1.1.1.jar:/Users/prabhatkumarpatro/.m2/repository/junit/junit/4.10/junit-4.10.jar:/Users/prabhatkumarpatro/.m2/repository/org/hamcrest/hamcrest-core/1.1/hamcrest-core-1.1.jar:/Users/prabhatkumarpatro/.m2/repository/org/seleniumhq/selenium/selenium-java/3.141.59/selenium-java-3.141.59.jar:/Users/prabhatkumarpatro/.m2/repository/org/seleniumhq/selenium/selenium-api/3.141.59/selenium-api-3.141.59.jar:/Users/prabhatkumarpatro/.m2/repository/org/seleniumhq/selenium/selenium-chrome-driver/3.141.59/selenium-chrome-driver-3.141.59.jar:/Users/prabhatkumarpatro/.m2/repository/org/seleniumhq/selenium/selenium-edge-driver/3.141.59/selenium-edge-driver-3.141.59.jar:/Users/prabhatkumarpatro/.m2/repository/org/seleniumhq/selenium/selenium-firefox-driver/3.141.59/selenium-firefox-driver-3.141.59.jar:/Users/prabhatkumarpatro/.m2/repository/org/seleniumhq/selenium/selenium-ie-driver/3.141.59/selenium-ie-driver-3.141.59.jar:/Users/prabhatkumarpatro/.m2/repository/org/seleniumhq/selenium/selenium-opera-driver/3.141.59/selenium-opera-driver-3.141.59.jar:/Users/prabhatkumarpatro/.m2/repository/org/seleniumhq/selenium/selenium-remote-driver/3.141.59/selenium-remote-driver-3.141.59.jar:/Users/prabhatkumarpatro/.m2/repository/org/seleniumhq/selenium/selenium-safari-driver/3.141.59/selenium-safari-driver-3.141.59.jar:/Users/prabhatkumarpatro/.m2/repository/org/seleniumhq/selenium/selenium-support/3.141.59/selenium-support-3.141.59.jar:/Users/prabhatkumarpatro/.m2/repository/net/bytebuddy/byte-buddy/1.8.15/byte-buddy-1.8.15.jar:/Users/prabhatkumarpatro/.m2/repository/org/apache/commons/commons-exec/1.3/commons-exec-1.3.jar:/Users/prabhatkumarpatro/.m2/repository/com/google/guava/guava/25.0-jre/guava-25.0-jre.jar:/Users/prabhatkumarpatro/.m2/repository/com/google/code/findbugs/jsr305/1.3.9/jsr305-1.3.9.jar:/Users/prabhatkumarpatro/.m2/repository/org/checkerframework/checker-compat-qual/2.0.0/checker-compat-qual-2.0.0.jar:/Users/prabhatkumarpatro/.m2/repository/com/google/errorprone/error_prone_annotations/2.1.3/error_prone_annotations-2.1.3.jar:/Users/prabhatkumarpatro/.m2/repository/com/google/j2objc/j2objc-annotations/1.1/j2objc-annotations-1.1.jar:/Users/prabhatkumarpatro/.m2/repository/org/codehaus/mojo/animal-sniffer-annotations/1.14/animal-sniffer-annotations-1.14.jar:/Users/prabhatkumarpatro/.m2/repository/com/squareup/okhttp3/okhttp/3.11.0/okhttp-3.11.0.jar:/Users/prabhatkumarpatro/.m2/repository/com/squareup/okio/okio/1.14.0/okio-1.14.0.jar:"/>
    <property name="java.vm.vendor" value="Oracle Corporation"/>
    <property name="sun.arch.data.model" value="64"/>
    <property name="java.vendor.url" value="http://java.oracle.com/"/>
    <property name="user.timezone" value="Asia/Kolkata"/>
    <property name="java.vm.specification.version" value="1.8"/>
    <property name="os.name" value="Mac OS X"/>
    <property name="user.country" value="US"/>
    <property name="sun.java.launcher" value="SUN_STANDARD"/>
    <property name="sun.boot.library.path" value="/Library/Java/JavaVirtualMachines/jdk1.8.0_151.jdk/Contents/Home/jre/lib"/>
    <property name="sun.java.command" value="/Users/prabhatkumarpatro/Documents/seleniumProjects/RestAssuredProject/target/surefire/surefirebooter1681255271279032117.jar /Users/prabhatkumarpatro/Documents/seleniumProjects/RestAssuredProject/target/surefire 2020-05-24T18-40-36_000-jvmRun1 surefire3036143799326360826tmp surefire_07998241400192261289tmp"/>
    <property name="http.nonProxyHosts" value="local|*.local|169.254/16|*.169.254/16"/>
    <property name="surefire.test.class.path" value="/Users/prabhatkumarpatro/Documents/seleniumProjects/RestAssuredProject/target/test-classes:/Users/prabhatkumarpatro/Documents/seleniumProjects/RestAssuredProject/target/classes:/Users/prabhatkumarpatro/.m2/repository/io/rest-assured/rest-assured/4.3.0/rest-assured-4.3.0.jar:/Users/prabhatkumarpatro/.m2/repository/org/codehaus/groovy/groovy/3.0.2/groovy-3.0.2.jar:/Users/prabhatkumarpatro/.m2/repository/org/codehaus/groovy/groovy-xml/3.0.2/groovy-xml-3.0.2.jar:/Users/prabhatkumarpatro/.m2/repository/org/apache/httpcomponents/httpclient/4.5.3/httpclient-4.5.3.jar:/Users/prabhatkumarpatro/.m2/repository/org/apache/httpcomponents/httpcore/4.4.6/httpcore-4.4.6.jar:/Users/prabhatkumarpatro/.m2/repository/commons-logging/commons-logging/1.2/commons-logging-1.2.jar:/Users/prabhatkumarpatro/.m2/repository/commons-codec/commons-codec/1.9/commons-codec-1.9.jar:/Users/prabhatkumarpatro/.m2/repository/org/apache/httpcomponents/httpmime/4.5.3/httpmime-4.5.3.jar:/Users/prabhatkumarpatro/.m2/repository/org/hamcrest/hamcrest/2.1/hamcrest-2.1.jar:/Users/prabhatkumarpatro/.m2/repository/org/ccil/cowan/tagsoup/tagsoup/1.2.1/tagsoup-1.2.1.jar:/Users/prabhatkumarpatro/.m2/repository/io/rest-assured/json-path/4.3.0/json-path-4.3.0.jar:/Users/prabhatkumarpatro/.m2/repository/org/codehaus/groovy/groovy-json/3.0.2/groovy-json-3.0.2.jar:/Users/prabhatkumarpatro/.m2/repository/io/rest-assured/rest-assured-common/4.3.0/rest-assured-common-4.3.0.jar:/Users/prabhatkumarpatro/.m2/repository/io/rest-assured/xml-path/4.3.0/xml-path-4.3.0.jar:/Users/prabhatkumarpatro/.m2/repository/org/apache/commons/commons-lang3/3.4/commons-lang3-3.4.jar:/Users/prabhatkumarpatro/.m2/repository/jakarta/xml/bind/jakarta.xml.bind-api/2.3.2/jakarta.xml.bind-api-2.3.2.jar:/Users/prabhatkumarpatro/.m2/repository/jakarta/activation/jakarta.activation-api/1.2.1/jakarta.activation-api-1.2.1.jar:/Users/prabhatkumarpatro/.m2/repository/com/sun/xml/bind/jaxb-osgi/2.3.0.1/jaxb-osgi-2.3.0.1.jar:/Users/prabhatkumarpatro/.m2/repository/org/apache/sling/org.apache.sling.javax.activation/0.1.0/org.apache.sling.javax.activation-0.1.0.jar:/Users/prabhatkumarpatro/.m2/repository/javax/activation/activation/1.1.1/activation-1.1.1.jar:/Users/prabhatkumarpatro/.m2/repository/org/testng/testng/7.1.0/testng-7.1.0.jar:/Users/prabhatkumarpatro/.m2/repository/com/beust/jcommander/1.72/jcommander-1.72.jar:/Users/prabhatkumarpatro/.m2/repository/com/google/inject/guice/4.1.0/guice-4.1.0-no_aop.jar:/Users/prabhatkumarpatro/.m2/repository/javax/inject/javax.inject/1/javax.inject-1.jar:/Users/prabhatkumarpatro/.m2/repository/aopalliance/aopalliance/1.0/aopalliance-1.0.jar:/Users/prabhatkumarpatro/.m2/repository/org/yaml/snakeyaml/1.21/snakeyaml-1.21.jar:/Users/prabhatkumarpatro/.m2/repository/com/googlecode/json-simple/json-simple/1.1.1/json-simple-1.1.1.jar:/Users/prabhatkumarpatro/.m2/repository/junit/junit/4.10/junit-4.10.jar:/Users/prabhatkumarpatro/.m2/repository/org/hamcrest/hamcrest-core/1.1/hamcrest-core-1.1.jar:/Users/prabhatkumarpatro/.m2/repository/org/seleniumhq/selenium/selenium-java/3.141.59/selenium-java-3.141.59.jar:/Users/prabhatkumarpatro/.m2/repository/org/seleniumhq/selenium/selenium-api/3.141.59/selenium-api-3.141.59.jar:/Users/prabhatkumarpatro/.m2/repository/org/seleniumhq/selenium/selenium-chrome-driver/3.141.59/selenium-chrome-driver-3.141.59.jar:/Users/prabhatkumarpatro/.m2/repository/org/seleniumhq/selenium/selenium-edge-driver/3.141.59/selenium-edge-driver-3.141.59.jar:/Users/prabhatkumarpatro/.m2/repository/org/seleniumhq/selenium/selenium-firefox-driver/3.141.59/selenium-firefox-driver-3.141.59.jar:/Users/prabhatkumarpatro/.m2/repository/org/seleniumhq/selenium/selenium-ie-driver/3.141.59/selenium-ie-driver-3.141.59.jar:/Users/prabhatkumarpatro/.m2/repository/org/seleniumhq/selenium/selenium-opera-driver/3.141.59/selenium-opera-driver-3.141.59.jar:/Users/prabhatkumarpatro/.m2/repository/org/seleniumhq/selenium/selenium-remote-driver/3.141.59/selenium-remote-driver-3.141.59.jar:/Users/prabhatkumarpatro/.m2/repository/org/seleniumhq/selenium/selenium-safari-driver/3.141.59/selenium-safari-driver-3.141.59.jar:/Users/prabhatkumarpatro/.m2/repository/org/seleniumhq/selenium/selenium-support/3.141.59/selenium-support-3.141.59.jar:/Users/prabhatkumarpatro/.m2/repository/net/bytebuddy/byte-buddy/1.8.15/byte-buddy-1.8.15.jar:/Users/prabhatkumarpatro/.m2/repository/org/apache/commons/commons-exec/1.3/commons-exec-1.3.jar:/Users/prabhatkumarpatro/.m2/repository/com/google/guava/guava/25.0-jre/guava-25.0-jre.jar:/Users/prabhatkumarpatro/.m2/repository/com/google/code/findbugs/jsr305/1.3.9/jsr305-1.3.9.jar:/Users/prabhatkumarpatro/.m2/repository/org/checkerframework/checker-compat-qual/2.0.0/checker-compat-qual-2.0.0.jar:/Users/prabhatkumarpatro/.m2/repository/com/google/errorprone/error_prone_annotations/2.1.3/error_prone_annotations-2.1.3.jar:/Users/prabhatkumarpatro/.m2/repository/com/google/j2objc/j2objc-annotations/1.1/j2objc-annotations-1.1.jar:/Users/prabhatkumarpatro/.m2/repository/org/codehaus/mojo/animal-sniffer-annotations/1.14/animal-sniffer-annotations-1.14.jar:/Users/prabhatkumarpatro/.m2/repository/com/squareup/okhttp3/okhttp/3.11.0/okhttp-3.11.0.jar:/Users/prabhatkumarpatro/.m2/repository/com/squareup/okio/okio/1.14.0/okio-1.14.0.jar:"/>
    <property name="sun.cpu.endian" value="little"/>
    <property name="user.home" value="/Users/prabhatkumarpatro"/>
    <property name="user.language" value="en"/>
    <property name="java.specification.vendor" value="Oracle Corporation"/>
    <property name="java.home" value="/Library/Java/JavaVirtualMachines/jdk1.8.0_151.jdk/Contents/Home/jre"/>
    <property name="basedir" value="/Users/prabhatkumarpatro/Documents/seleniumProjects/RestAssuredProject"/>
    <property name="file.separator" value="/"/>
    <property name="line.separator" value="&#10;"/>
    <property name="java.vm.specification.vendor" value="Oracle Corporation"/>
    <property name="java.specification.name" value="Java Platform API Specification"/>
    <property name="java.awt.graphicsenv" value="sun.awt.CGraphicsEnvironment"/>
    <property name="surefire.real.class.path" value="/Users/prabhatkumarpatro/Documents/seleniumProjects/RestAssuredProject/target/surefire/surefirebooter1681255271279032117.jar"/>
    <property name="sun.boot.class.path" value="/Library/Java/JavaVirtualMachines/jdk1.8.0_151.jdk/Contents/Home/jre/lib/resources.jar:/Library/Java/JavaVirtualMachines/jdk1.8.0_151.jdk/Contents/Home/jre/lib/rt.jar:/Library/Java/JavaVirtualMachines/jdk1.8.0_151.jdk/Contents/Home/jre/lib/sunrsasign.jar:/Library/Java/JavaVirtualMachines/jdk1.8.0_151.jdk/Contents/Home/jre/lib/jsse.jar:/Library/Java/JavaVirtualMachines/jdk1.8.0_151.jdk/Contents/Home/jre/lib/jce.jar:/Library/Java/JavaVirtualMachines/jdk1.8.0_151.jdk/Contents/Home/jre/lib/charsets.jar:/Library/Java/JavaVirtualMachines/jdk1.8.0_151.jdk/Contents/Home/jre/lib/jfr.jar:/Library/Java/JavaVirtualMachines/jdk1.8.0_151.jdk/Contents/Home/jre/classes"/>
    <property name="sun.management.compiler" value="HotSpot 64-Bit Tiered Compilers"/>
    <property name="ftp.nonProxyHosts" value="local|*.local|169.254/16|*.169.254/16"/>
    <property name="java.runtime.version" value="1.8.0_151-b12"/>
    <property name="user.name" value="prabhatkumarpatro"/>
    <property name="path.separator" value=":"/>
    <property name="os.version" value="10.14.5"/>
    <property name="java.endorsed.dirs" value="/Library/Java/JavaVirtualMachines/jdk1.8.0_151.jdk/Contents/Home/jre/lib/endorsed"/>
    <property name="java.runtime.name" value="Java(TM) SE Runtime Environment"/>
    <property name="file.encoding" value="UTF-8"/>
    <property name="java.vm.name" value="Java HotSpot(TM) 64-Bit Server VM"/>
    <property name="localRepository" value="/Users/prabhatkumarpatro/.m2/repository"/>
    <property name="java.vendor.url.bug" value="http://bugreport.sun.com/bugreport/"/>
    <property name="java.io.tmpdir" value="/var/folders/pr/rydmj0ld48g50j18m7q21b500000gn/T/"/>
    <property name="java.version" value="1.8.0_151"/>
    <property name="user.dir" value="/Users/prabhatkumarpatro/Documents/seleniumProjects/RestAssuredProject"/>
    <property name="os.arch" value="x86_64"/>
    <property name="java.vm.specification.name" value="Java Virtual Machine Specification"/>
    <property name="java.awt.printerjob" value="sun.lwawt.macosx.CPrinterJob"/>
    <property name="sun.os.patch.level" value="unknown"/>
    <property name="java.library.path" value="/Users/prabhatkumarpatro/Library/Java/Extensions:/Library/Java/Extensions:/Network/Library/Java/Extensions:/System/Library/Java/Extensions:/usr/lib/java:."/>
    <property name="java.vm.info" value="mixed mode"/>
    <property name="java.vendor" value="Oracle Corporation"/>
    <property name="java.vm.version" value="25.151-b12"/>
    <property name="java.ext.dirs" value="/Users/prabhatkumarpatro/Library/Java/Extensions:/Library/Java/JavaVirtualMachines/jdk1.8.0_151.jdk/Contents/Home/jre/lib/ext:/Library/Java/Extensions:/Network/Library/Java/Extensions:/System/Library/Java/Extensions:/usr/lib/java"/>
    <property name="sun.io.unicode.encoding" value="UnicodeBig"/>
    <property name="java.class.version" value="52.0"/>
    <property name="socksNonProxyHosts" value="local|*.local|169.254/16|*.169.254/16"/>
  </properties>
  <testcase name="deleteData" classname="TestDataRestAssured" time="1.272">
    <failure message="Connection refused (Connection refused)" type="java.net.ConnectException"><![CDATA[java.net.ConnectException: Connection refused (Connection refused)
	at TestDataRestAssured.deleteData(TestDataRestAssured.java:57)
]]></failure>
  </testcase>
  <testcase name="deleteData" classname="TestDataRestAssured" time="0.011">
    <failure message="Connection refused (Connection refused)" type="java.net.ConnectException"><![CDATA[java.net.ConnectException: Connection refused (Connection refused)
	at TestDataRestAssured.deleteData(TestDataRestAssured.java:57)
]]></failure>
  </testcase>
  <testcase name="deleteData" classname="TestDataRestAssured" time="0.013">
    <failure message="Connection refused (Connection refused)" type="java.net.ConnectException"><![CDATA[java.net.ConnectException: Connection refused (Connection refused)
	at TestDataRestAssured.deleteData(TestDataRestAssured.java:57)
]]></failure>
  </testcase>
  <testcase name="deleteData" classname="TestDataRestAssured" time="0.013">
    <failure message="Connection refused (Connection refused)" type="java.net.ConnectException"><![CDATA[java.net.ConnectException: Connection refused (Connection refused)
	at TestDataRestAssured.deleteData(TestDataRestAssured.java:57)
]]></failure>
  </testcase>
  <testcase name="Test01_GET" classname="Test01_GET" time="1.626"/>
</testsuite>