<?xml version="1.0" encoding="UTF-8"?>
<!-- Generated by org.testng.reporters.JUnitReportReporter -->
<testsuite skipped="0" hostname="PrabhatMacBookPro.local" name="NewMethodPost" tests="1" failures="0" timestamp="2020-11-18T15:43:57 IST" time="2.924" errors="0">
  <testcase name="postMethod" time="2.924" classname="NewMethodPost"/>
  <system-out/>
</testsuite> <!-- NewMethodPost -->
