<?xml version="1.0" encoding="UTF-8"?>
<!-- Generated by org.testng.reporters.JUnitReportReporter -->
<testsuite skipped="0" hostname="PrabhatMacBookPro.local" name="APITests.NewMethodProject" tests="1" failures="0" timestamp="2020-05-24T07:14:15 IST" time="1.508" errors="0">
  <testcase name="NewMethod" time="1.508" classname="APITests.NewMethodProject"/>
  <system-out/>
</testsuite> <!-- APITests.NewMethodProject -->
