<?xml version="1.0" encoding="UTF-8"?>
<!-- Generated by org.testng.reporters.JUnitReportReporter -->
<testsuite skipped="0" hostname="PrabhatMacBookPro.local" name="GetAndDeleteUser" tests="1" failures="0" timestamp="2020-05-23T09:42:14 IST" time="1.728" errors="0">
  <testcase name="getUser" time="1.728" classname="GetAndDeleteUser"/>
  <system-out/>
</testsuite> <!-- GetAndDeleteUser -->
