<?xml version="1.0" encoding="UTF-8"?>
<!-- Generated by org.testng.reporters.JUnitReportReporter -->
<testsuite skipped="0" hostname="PrabhatMacBookPro.local" name="APITests.NewTestToVerifyTestng" tests="2" failures="0" timestamp="2021-01-02T14:14:52 IST" time="0.006" errors="0">
  <testcase name="newTest" time="0.005" classname="APITests.NewTestToVerifyTestng"/>
  <testcase name="secondMethod" time="0.001" classname="APITests.NewTestToVerifyTestng"/>
</testsuite> <!-- APITests.NewTestToVerifyTestng -->
