<?xml version="1.0" encoding="UTF-8"?>
<!-- Generated by org.testng.reporters.JUnitReportReporter -->
<testsuite skipped="0" hostname="PrabhatMacBookPro.local" name="NewMethodProject" tests="1" failures="0" timestamp="2020-05-21T23:59:33 IST" time="1.401" errors="0">
  <testcase name="NewMethod" time="1.401" classname="NewMethodProject"/>
  <system-out/>
</testsuite> <!-- NewMethodProject -->
