<?xml version="1.0" encoding="UTF-8"?>
<!-- Generated by org.testng.reporters.JUnitReportReporter -->
<testsuite skipped="0" hostname="PrabhatMacBookPro.local" name="dataDrivenTestClass" tests="1" failures="0" timestamp="2021-01-03T23:11:57 IST" time="2.452" errors="0">
  <testcase name="getCustomers" time="2.452" classname="dataDrivenTestClass"/>
</testsuite> <!-- dataDrivenTestClass -->
