<?xml version="1.0" encoding="UTF-8"?>
<!-- Generated by org.testng.reporters.JUnitReportReporter -->
<testsuite skipped="0" hostname="PrabhatMacBookPro.local" name="APITests.VerifyTest" tests="2" failures="0" timestamp="2021-01-02T14:14:52 IST" time="0.007" errors="0">
  <testcase name="validateHomePage" time="0.002" classname="APITests.VerifyTest"/>
  <testcase name="loginPage" time="0.005" classname="APITests.VerifyTest"/>
</testsuite> <!-- APITests.VerifyTest -->
