<?xml version="1.0" encoding="UTF-8"?>
<!-- Generated by org.testng.reporters.JUnitReportReporter -->
<testsuite skipped="0" hostname="PrabhatMacBookPro.local" name="Test01_GET" tests="1" failures="0" timestamp="2020-12-19T12:10:18 IST" time="2.503" errors="0">
  <testcase name="Test01_GET" time="2.503" classname="Test01_GET"/>
  <system-out/>
</testsuite> <!-- Test01_GET -->
