<?xml version="1.0" encoding="UTF-8"?>
<!-- Generated by org.testng.reporters.JUnitReportReporter -->
<testsuite skipped="0" hostname="PrabhatMacBookPro.local" name="Test01_GET" tests="1" failures="0" timestamp="2020-05-24T18:40:44 IST" time="1.625" errors="0">
  <testcase name="Test01_GET" time="1.625" classname="Test01_GET"/>
  <system-out/>
</testsuite> <!-- Test01_GET -->
